2020-09-16 23:40:29 INFO - ULDLD
2020-09-16 23:41:13 INFO - Chrome Browser is invoked successfully...
2020-09-16 23:42:24 INFO - ULDLD
2020-09-16 23:42:28 INFO - Chrome Browser is invoked successfully...
2020-09-16 23:42:31 INFO - http://www.leafground.com/ URL is loaded successfully
2020-09-17 00:09:08 INFO - Chrome Browser is invoked successfully...
2020-09-17 00:09:11 INFO - http://www.leafground.com/ URL is loaded successfully
2020-09-17 00:13:52 INFO - Chrome Browser is invoked successfully...
2020-09-17 00:13:58 INFO - http://www.leafground.com/ URL is loaded successfully
2020-09-17 00:25:02 INFO - Chrome Browser is invoked successfully...
2020-09-17 00:25:09 INFO - http://www.leafground.com/ URL is loaded successfully
2020-09-17 00:25:43 INFO - Chrome Browser is invoked successfully...
2020-09-17 00:25:54 INFO - http://www.leafground.com/ URL is loaded successfully
2020-09-17 00:26:54 INFO - Chrome Browser is invoked successfully...
2020-09-17 00:26:59 INFO - http://www.leafground.com/ URL is loaded successfully
2020-09-17 22:30:02 INFO - Chrome Browser is invoked successfully...
2020-09-17 22:30:05 INFO - http://www.leafground.com/ URL is loaded successfully
2020-09-17 23:01:51 INFO - Chrome Browser is invoked successfully...
2020-09-17 23:01:54 INFO - http://www.leafground.com/ URL is loaded successfully
2020-09-17 23:03:12 INFO - Chrome Browser is invoked successfully...
2020-09-17 23:03:15 INFO - http://www.leafground.com/ URL is loaded successfully
2020-09-17 23:04:02 INFO - Chrome Browser is invoked successfully...
2020-09-17 23:04:05 INFO - http://www.leafground.com/ URL is loaded successfully
2020-09-17 23:06:29 INFO - Chrome Browser is invoked successfully...
2020-09-17 23:06:32 INFO - http://www.leafground.com/ URL is loaded successfully
2020-09-17 23:08:00 INFO - Chrome Browser is invoked successfully...
2020-09-17 23:08:03 INFO - http://www.leafground.com/ URL is loaded successfully
2020-09-17 23:08:23 INFO - Chrome Browser is invoked successfully...
2020-09-17 23:08:26 INFO - http://www.leafground.com/ URL is loaded successfully
2020-09-17 23:09:07 INFO - Chrome Browser is invoked successfully...
2020-09-17 23:09:11 INFO - http://www.leafground.com/ URL is loaded successfully
2020-09-17 23:10:19 INFO - Chrome Browser is invoked successfully...
2020-09-17 23:10:22 INFO - http://www.leafground.com/ URL is loaded successfully
2020-09-17 23:11:51 INFO - Chrome Browser is invoked successfully...
2020-09-17 23:11:54 INFO - http://www.leafground.com/ URL is loaded successfully
2020-09-17 23:12:33 INFO - Chrome Browser is invoked successfully...
2020-09-17 23:12:36 INFO - http://www.leafground.com/ URL is loaded successfully
2020-09-17 23:13:22 INFO - Chrome Browser is invoked successfully...
2020-09-17 23:13:25 INFO - http://www.leafground.com/ URL is loaded successfully
2020-09-17 23:18:01 INFO - Chrome Browser is invoked successfully...
2020-09-17 23:18:05 INFO - http://www.leafground.com/ URL is loaded successfully
2020-09-17 23:20:53 INFO - Chrome Browser is invoked successfully...
2020-09-17 23:20:56 INFO - http://www.leafground.com/ URL is loaded successfully
2020-09-17 23:24:52 INFO - Chrome Browser is invoked successfully...
2020-09-17 23:24:55 INFO - http://www.leafground.com/ URL is loaded successfully
2020-09-17 23:26:15 INFO - Chrome Browser is invoked successfully...
2020-09-17 23:26:17 INFO - http://www.leafground.com/ URL is loaded successfully
2020-09-17 23:35:02 INFO - Chrome Browser is invoked successfully...
2020-09-17 23:35:05 INFO - http://www.leafground.com/ URL is loaded successfully
2020-09-17 23:35:06 INFO - Element clicked successfully .. 
2020-09-17 23:35:09 INFO - Element clicked successfully .. 
2020-09-17 23:36:37 INFO - Chrome Browser is invoked successfully...
2020-09-17 23:36:41 INFO - http://www.leafground.com/ URL is loaded successfully
2020-09-17 23:37:09 INFO - Chrome Browser is invoked successfully...
2020-09-17 23:37:11 INFO - http://www.leafground.com/ URL is loaded successfully
2020-09-17 23:38:50 INFO - Chrome Browser is invoked successfully...
2020-09-17 23:38:53 INFO - http://www.leafground.com/ URL is loaded successfully
2020-09-17 23:38:55 INFO - Element clicked successfully .. 
2020-09-17 23:38:57 INFO - Element clicked successfully .. 
2020-09-17 23:38:59 INFO - Element clicked successfully .. 
2020-09-18 00:04:07 INFO - Chrome Browser is invoked successfully...
2020-09-18 00:04:10 INFO - http://www.leafground.com/ URL is loaded successfully
2020-09-18 00:04:11 INFO - Element clicked successfully .. 
2020-09-18 00:04:13 INFO - Element clicked successfully .. 
2020-09-18 00:04:15 INFO - Element clicked successfully .. 
2020-09-18 00:04:18 INFO - Element clicked successfully .. 
2020-09-18 00:04:20 INFO - Window0is closed successfully
2020-09-18 00:04:22 INFO - Window1is closed successfully
2020-09-18 00:04:24 INFO - Window2is closed successfully
2020-09-18 00:04:26 INFO - Window3is closed successfully
2020-09-18 00:04:28 INFO - Window4is closed successfully
2020-09-18 00:04:30 INFO - Window5is closed successfully
2020-09-18 00:04:54 INFO - Chrome Browser is invoked successfully...
2020-09-18 00:04:57 INFO - http://www.leafground.com/ URL is loaded successfully
2020-09-18 00:04:59 INFO - Element clicked successfully .. 
2020-09-18 00:05:01 INFO - Element clicked successfully .. 
2020-09-18 00:05:03 INFO - Element clicked successfully .. 
2020-09-18 00:05:05 INFO - Element clicked successfully .. 
2020-09-18 00:05:07 INFO - Window0is closed successfully
2020-09-18 00:05:09 INFO - Window1is closed successfully
2020-09-18 00:05:12 INFO - Window2is closed successfully
2020-09-18 00:05:14 INFO - Window3is closed successfully
2020-09-18 00:05:16 INFO - Window4is closed successfully
2020-09-18 00:05:18 INFO - Window5is closed successfully
2020-09-25 17:19:29 INFO - Chrome Browser is invoked successfully...
2020-09-25 17:19:34 INFO - http://www.leafground.com/ URL is loaded successfully
2020-09-25 17:19:35 INFO - Element clicked successfully .. 
2020-09-25 17:19:37 INFO - Element clicked successfully .. 
2020-09-25 17:19:40 INFO - Element clicked successfully .. 
2020-09-25 17:19:42 INFO - Element clicked successfully .. 
2020-09-25 17:19:44 INFO - Window0is closed successfully
2020-09-25 17:19:46 INFO - Window1is closed successfully
2020-09-25 17:19:48 INFO - Window2is closed successfully
2020-09-25 17:19:50 INFO - Window3is closed successfully
2020-09-25 17:19:52 INFO - Window4is closed successfully
2020-09-25 17:19:54 INFO - Window5is closed successfully
